<?xml version="1.0" encoding="UTF-8"?>
<testsuite xmlns:xsi="http://www.w3.org/2001/XMLSchema-instance" xsi:noNamespaceSchemaLocation="https://maven.apache.org/surefire/maven-surefire-plugin/xsd/surefire-test-report.xsd" name="com.v1.opencve.OpencveApplicationTests" time="10.698" tests="5" errors="0" skipped="0" failures="0">
  <properties>
    <property name="awt.toolkit" value="sun.awt.X11.XToolkit"/>
    <property name="java.specification.version" value="11"/>
    <property name="sun.cpu.isalist" value=""/>
    <property name="sun.jnu.encoding" value="UTF-8"/>
    <property name="java.class.path" value="/home/aysenurb/Downloads/spring-boot-project-assignment-acbr5-main (2)/target/test-classes:/home/aysenurb/Downloads/spring-boot-project-assignment-acbr5-main (2)/target/classes:/home/aysenurb/.m2/repository/org/springframework/boot/spring-boot-starter-data-jpa/2.4.3/spring-boot-starter-data-jpa-2.4.3.jar:/home/aysenurb/.m2/repository/org/springframework/boot/spring-boot-starter-aop/2.4.3/spring-boot-starter-aop-2.4.3.jar:/home/aysenurb/.m2/repository/org/aspectj/aspectjweaver/1.9.6/aspectjweaver-1.9.6.jar:/home/aysenurb/.m2/repository/jakarta/transaction/jakarta.transaction-api/1.3.3/jakarta.transaction-api-1.3.3.jar:/home/aysenurb/.m2/repository/jakarta/persistence/jakarta.persistence-api/2.2.3/jakarta.persistence-api-2.2.3.jar:/home/aysenurb/.m2/repository/org/hibernate/hibernate-core/5.4.28.Final/hibernate-core-5.4.28.Final.jar:/home/aysenurb/.m2/repository/org/jboss/logging/jboss-logging/3.4.1.Final/jboss-logging-3.4.1.Final.jar:/home/aysenurb/.m2/repository/org/javassist/javassist/3.27.0-GA/javassist-3.27.0-GA.jar:/home/aysenurb/.m2/repository/net/bytebuddy/byte-buddy/1.10.20/byte-buddy-1.10.20.jar:/home/aysenurb/.m2/repository/antlr/antlr/2.7.7/antlr-2.7.7.jar:/home/aysenurb/.m2/repository/org/jboss/jandex/2.2.3.Final/jandex-2.2.3.Final.jar:/home/aysenurb/.m2/repository/org/dom4j/dom4j/2.1.3/dom4j-2.1.3.jar:/home/aysenurb/.m2/repository/org/hibernate/common/hibernate-commons-annotations/5.1.2.Final/hibernate-commons-annotations-5.1.2.Final.jar:/home/aysenurb/.m2/repository/org/glassfish/jaxb/jaxb-runtime/2.3.3/jaxb-runtime-2.3.3.jar:/home/aysenurb/.m2/repository/org/glassfish/jaxb/txw2/2.3.3/txw2-2.3.3.jar:/home/aysenurb/.m2/repository/com/sun/istack/istack-commons-runtime/3.0.11/istack-commons-runtime-3.0.11.jar:/home/aysenurb/.m2/repository/org/springframework/data/spring-data-jpa/2.4.5/spring-data-jpa-2.4.5.jar:/home/aysenurb/.m2/repository/org/springframework/data/spring-data-commons/2.4.5/spring-data-commons-2.4.5.jar:/home/aysenurb/.m2/repository/org/springframework/spring-orm/5.3.4/spring-orm-5.3.4.jar:/home/aysenurb/.m2/repository/org/springframework/spring-tx/5.3.4/spring-tx-5.3.4.jar:/home/aysenurb/.m2/repository/org/springframework/spring-aspects/5.3.4/spring-aspects-5.3.4.jar:/home/aysenurb/.m2/repository/org/springframework/boot/spring-boot-starter-web/2.4.3/spring-boot-starter-web-2.4.3.jar:/home/aysenurb/.m2/repository/org/springframework/boot/spring-boot-starter/2.4.3/spring-boot-starter-2.4.3.jar:/home/aysenurb/.m2/repository/org/springframework/boot/spring-boot-autoconfigure/2.4.3/spring-boot-autoconfigure-2.4.3.jar:/home/aysenurb/.m2/repository/org/springframework/boot/spring-boot-starter-logging/2.4.3/spring-boot-starter-logging-2.4.3.jar:/home/aysenurb/.m2/repository/ch/qos/logback/logback-classic/1.2.3/logback-classic-1.2.3.jar:/home/aysenurb/.m2/repository/ch/qos/logback/logback-core/1.2.3/logback-core-1.2.3.jar:/home/aysenurb/.m2/repository/org/apache/logging/log4j/log4j-to-slf4j/2.13.3/log4j-to-slf4j-2.13.3.jar:/home/aysenurb/.m2/repository/org/apache/logging/log4j/log4j-api/2.13.3/log4j-api-2.13.3.jar:/home/aysenurb/.m2/repository/org/slf4j/jul-to-slf4j/1.7.30/jul-to-slf4j-1.7.30.jar:/home/aysenurb/.m2/repository/jakarta/annotation/jakarta.annotation-api/1.3.5/jakarta.annotation-api-1.3.5.jar:/home/aysenurb/.m2/repository/org/yaml/snakeyaml/1.27/snakeyaml-1.27.jar:/home/aysenurb/.m2/repository/org/springframework/boot/spring-boot-starter-json/2.4.3/spring-boot-starter-json-2.4.3.jar:/home/aysenurb/.m2/repository/com/fasterxml/jackson/datatype/jackson-datatype-jdk8/2.11.4/jackson-datatype-jdk8-2.11.4.jar:/home/aysenurb/.m2/repository/com/fasterxml/jackson/datatype/jackson-datatype-jsr310/2.11.4/jackson-datatype-jsr310-2.11.4.jar:/home/aysenurb/.m2/repository/com/fasterxml/jackson/module/jackson-module-parameter-names/2.11.4/jackson-module-parameter-names-2.11.4.jar:/home/aysenurb/.m2/repository/org/springframework/boot/spring-boot-starter-tomcat/2.4.3/spring-boot-starter-tomcat-2.4.3.jar:/home/aysenurb/.m2/repository/org/glassfish/jakarta.el/3.0.3/jakarta.el-3.0.3.jar:/home/aysenurb/.m2/repository/org/apache/tomcat/embed/tomcat-embed-websocket/9.0.43/tomcat-embed-websocket-9.0.43.jar:/home/aysenurb/.m2/repository/org/springframework/spring-web/5.3.4/spring-web-5.3.4.jar:/home/aysenurb/.m2/repository/org/springframework/spring-webmvc/5.3.4/spring-webmvc-5.3.4.jar:/home/aysenurb/.m2/repository/org/postgresql/postgresql/42.2.18/postgresql-42.2.18.jar:/home/aysenurb/.m2/repository/org/checkerframework/checker-qual/3.5.0/checker-qual-3.5.0.jar:/home/aysenurb/.m2/repository/org/projectlombok/lombok/1.18.18/lombok-1.18.18.jar:/home/aysenurb/.m2/repository/org/modelmapper/modelmapper/2.3.0/modelmapper-2.3.0.jar:/home/aysenurb/.m2/repository/org/springframework/boot/spring-boot-starter-test/2.4.3/spring-boot-starter-test-2.4.3.jar:/home/aysenurb/.m2/repository/org/springframework/boot/spring-boot-test/2.4.3/spring-boot-test-2.4.3.jar:/home/aysenurb/.m2/repository/org/springframework/boot/spring-boot-test-autoconfigure/2.4.3/spring-boot-test-autoconfigure-2.4.3.jar:/home/aysenurb/.m2/repository/com/jayway/jsonpath/json-path/2.4.0/json-path-2.4.0.jar:/home/aysenurb/.m2/repository/net/minidev/json-smart/2.3/json-smart-2.3.jar:/home/aysenurb/.m2/repository/net/minidev/accessors-smart/1.2/accessors-smart-1.2.jar:/home/aysenurb/.m2/repository/org/ow2/asm/asm/5.0.4/asm-5.0.4.jar:/home/aysenurb/.m2/repository/jakarta/xml/bind/jakarta.xml.bind-api/2.3.3/jakarta.xml.bind-api-2.3.3.jar:/home/aysenurb/.m2/repository/jakarta/activation/jakarta.activation-api/1.2.2/jakarta.activation-api-1.2.2.jar:/home/aysenurb/.m2/repository/org/assertj/assertj-core/3.18.1/assertj-core-3.18.1.jar:/home/aysenurb/.m2/repository/org/hamcrest/hamcrest/2.2/hamcrest-2.2.jar:/home/aysenurb/.m2/repository/org/junit/jupiter/junit-jupiter/5.7.1/junit-jupiter-5.7.1.jar:/home/aysenurb/.m2/repository/org/junit/jupiter/junit-jupiter-api/5.7.1/junit-jupiter-api-5.7.1.jar:/home/aysenurb/.m2/repository/org/opentest4j/opentest4j/1.2.0/opentest4j-1.2.0.jar:/home/aysenurb/.m2/repository/org/junit/jupiter/junit-jupiter-params/5.7.1/junit-jupiter-params-5.7.1.jar:/home/aysenurb/.m2/repository/org/junit/jupiter/junit-jupiter-engine/5.7.1/junit-jupiter-engine-5.7.1.jar:/home/aysenurb/.m2/repository/org/junit/platform/junit-platform-engine/1.7.1/junit-platform-engine-1.7.1.jar:/home/aysenurb/.m2/repository/org/mockito/mockito-core/3.6.28/mockito-core-3.6.28.jar:/home/aysenurb/.m2/repository/net/bytebuddy/byte-buddy-agent/1.10.20/byte-buddy-agent-1.10.20.jar:/home/aysenurb/.m2/repository/org/objenesis/objenesis/3.1/objenesis-3.1.jar:/home/aysenurb/.m2/repository/org/mockito/mockito-junit-jupiter/3.6.28/mockito-junit-jupiter-3.6.28.jar:/home/aysenurb/.m2/repository/org/skyscreamer/jsonassert/1.5.0/jsonassert-1.5.0.jar:/home/aysenurb/.m2/repository/com/vaadin/external/google/android-json/0.0.20131108.vaadin1/android-json-0.0.20131108.vaadin1.jar:/home/aysenurb/.m2/repository/org/springframework/spring-core/5.3.4/spring-core-5.3.4.jar:/home/aysenurb/.m2/repository/org/springframework/spring-jcl/5.3.4/spring-jcl-5.3.4.jar:/home/aysenurb/.m2/repository/org/xmlunit/xmlunit-core/2.7.0/xmlunit-core-2.7.0.jar:/home/aysenurb/.m2/repository/junit/junit/4.13.2/junit-4.13.2.jar:/home/aysenurb/.m2/repository/org/hamcrest/hamcrest-core/2.2/hamcrest-core-2.2.jar:/home/aysenurb/.m2/repository/org/springframework/spring-test/5.3.4/spring-test-5.3.4.jar:/home/aysenurb/.m2/repository/io/springfox/springfox-swagger2/2.9.2/springfox-swagger2-2.9.2.jar:/home/aysenurb/.m2/repository/io/swagger/swagger-annotations/1.5.20/swagger-annotations-1.5.20.jar:/home/aysenurb/.m2/repository/io/swagger/swagger-models/1.5.20/swagger-models-1.5.20.jar:/home/aysenurb/.m2/repository/io/springfox/springfox-spi/2.9.2/springfox-spi-2.9.2.jar:/home/aysenurb/.m2/repository/io/springfox/springfox-core/2.9.2/springfox-core-2.9.2.jar:/home/aysenurb/.m2/repository/io/springfox/springfox-schema/2.9.2/springfox-schema-2.9.2.jar:/home/aysenurb/.m2/repository/io/springfox/springfox-swagger-common/2.9.2/springfox-swagger-common-2.9.2.jar:/home/aysenurb/.m2/repository/io/springfox/springfox-spring-web/2.9.2/springfox-spring-web-2.9.2.jar:/home/aysenurb/.m2/repository/com/google/guava/guava/20.0/guava-20.0.jar:/home/aysenurb/.m2/repository/com/fasterxml/classmate/1.5.1/classmate-1.5.1.jar:/home/aysenurb/.m2/repository/org/slf4j/slf4j-api/1.7.30/slf4j-api-1.7.30.jar:/home/aysenurb/.m2/repository/org/springframework/plugin/spring-plugin-core/1.2.0.RELEASE/spring-plugin-core-1.2.0.RELEASE.jar:/home/aysenurb/.m2/repository/org/springframework/plugin/spring-plugin-metadata/1.2.0.RELEASE/spring-plugin-metadata-1.2.0.RELEASE.jar:/home/aysenurb/.m2/repository/org/mapstruct/mapstruct/1.2.0.Final/mapstruct-1.2.0.Final.jar:/home/aysenurb/.m2/repository/io/springfox/springfox-swagger-ui/2.9.2/springfox-swagger-ui-2.9.2.jar:/home/aysenurb/.m2/repository/org/springframework/security/spring-security-web/5.4.5/spring-security-web-5.4.5.jar:/home/aysenurb/.m2/repository/org/springframework/security/spring-security-core/5.4.5/spring-security-core-5.4.5.jar:/home/aysenurb/.m2/repository/org/springframework/spring-aop/5.3.4/spring-aop-5.3.4.jar:/home/aysenurb/.m2/repository/org/springframework/spring-beans/5.3.4/spring-beans-5.3.4.jar:/home/aysenurb/.m2/repository/org/springframework/spring-context/5.3.4/spring-context-5.3.4.jar:/home/aysenurb/.m2/repository/org/springframework/spring-expression/5.3.4/spring-expression-5.3.4.jar:/home/aysenurb/.m2/repository/org/springframework/security/spring-security-config/5.4.5/spring-security-config-5.4.5.jar:/home/aysenurb/.m2/repository/org/springframework/boot/spring-boot-starter-thymeleaf/2.4.3/spring-boot-starter-thymeleaf-2.4.3.jar:/home/aysenurb/.m2/repository/org/thymeleaf/thymeleaf-spring5/3.0.12.RELEASE/thymeleaf-spring5-3.0.12.RELEASE.jar:/home/aysenurb/.m2/repository/org/thymeleaf/thymeleaf/3.0.12.RELEASE/thymeleaf-3.0.12.RELEASE.jar:/home/aysenurb/.m2/repository/org/attoparser/attoparser/2.0.5.RELEASE/attoparser-2.0.5.RELEASE.jar:/home/aysenurb/.m2/repository/org/unbescape/unbescape/1.1.6.RELEASE/unbescape-1.1.6.RELEASE.jar:/home/aysenurb/.m2/repository/org/thymeleaf/extras/thymeleaf-extras-java8time/3.0.4.RELEASE/thymeleaf-extras-java8time-3.0.4.RELEASE.jar:/home/aysenurb/.m2/repository/org/thymeleaf/extras/thymeleaf-extras-springsecurity5/3.0.4.RELEASE/thymeleaf-extras-springsecurity5-3.0.4.RELEASE.jar:/home/aysenurb/.m2/repository/org/springframework/boot/spring-boot-starter-jdbc/2.4.3/spring-boot-starter-jdbc-2.4.3.jar:/home/aysenurb/.m2/repository/com/zaxxer/HikariCP/3.4.5/HikariCP-3.4.5.jar:/home/aysenurb/.m2/repository/org/springframework/spring-jdbc/5.3.4/spring-jdbc-5.3.4.jar:/home/aysenurb/.m2/repository/org/webjars/bootstrap/5.0.0-beta2/bootstrap-5.0.0-beta2.jar:/home/aysenurb/.m2/repository/org/webjars/popper.js/2.5.4/popper.js-2.5.4.jar:/home/aysenurb/.m2/repository/org/webjars/3rdwavemedia-themes-developer/1.21/3rdwavemedia-themes-developer-1.21.jar:/home/aysenurb/.m2/repository/org/webjars/jquery/3.5.1/jquery-3.5.1.jar:/home/aysenurb/.m2/repository/javax/validation/validation-api/2.0.1.Final/validation-api-2.0.1.Final.jar:/home/aysenurb/.m2/repository/org/junit/platform/junit-platform-commons/1.7.1/junit-platform-commons-1.7.1.jar:/home/aysenurb/.m2/repository/org/apiguardian/apiguardian-api/1.1.0/apiguardian-api-1.1.0.jar:/home/aysenurb/.m2/repository/org/springframework/boot/spring-boot/2.4.2/spring-boot-2.4.2.jar:/home/aysenurb/.m2/repository/com/googlecode/json-simple/json-simple/1.1/json-simple-1.1.jar:/home/aysenurb/.m2/repository/org/json/json/20201115/json-20201115.jar:/home/aysenurb/.m2/repository/org/apache/tomcat/embed/tomcat-embed-core/9.0.41/tomcat-embed-core-9.0.41.jar:/home/aysenurb/.m2/repository/org/apache/tomcat/tomcat-annotations-api/9.0.43/tomcat-annotations-api-9.0.43.jar:/home/aysenurb/.m2/repository/com/fasterxml/jackson/core/jackson-databind/2.11.4/jackson-databind-2.11.4.jar:/home/aysenurb/.m2/repository/com/fasterxml/jackson/core/jackson-annotations/2.11.4/jackson-annotations-2.11.4.jar:/home/aysenurb/.m2/repository/com/fasterxml/jackson/core/jackson-core/2.11.4/jackson-core-2.11.4.jar:/home/aysenurb/.m2/repository/org/springframework/boot/spring-boot-starter-mail/2.4.3/spring-boot-starter-mail-2.4.3.jar:/home/aysenurb/.m2/repository/org/springframework/spring-context-support/5.3.4/spring-context-support-5.3.4.jar:/home/aysenurb/.m2/repository/com/sun/mail/jakarta.mail/1.6.5/jakarta.mail-1.6.5.jar:/home/aysenurb/.m2/repository/com/sun/activation/jakarta.activation/1.2.2/jakarta.activation-1.2.2.jar:"/>
    <property name="java.vm.vendor" value="Debian"/>
    <property name="sun.arch.data.model" value="64"/>
    <property name="java.vendor.url" value="https://tracker.debian.org/openjdk-11"/>
    <property name="user.timezone" value=""/>
    <property name="java.vm.specification.version" value="11"/>
    <property name="os.name" value="Linux"/>
    <property name="sun.java.launcher" value="SUN_STANDARD"/>
    <property name="user.country" value="US"/>
    <property name="sun.boot.library.path" value="/usr/lib/jvm/java-11-openjdk-amd64/lib"/>
    <property name="sun.java.command" value="/home/aysenurb/Downloads/spring-boot-project-assignment-acbr5-main (2)/target/surefire/surefirebooter6441022487880647451.jar /home/aysenurb/Downloads/spring-boot-project-assignment-acbr5-main (2)/target/surefire 2021-03-14T22-35-12_317-jvmRun1 surefire15120667261971095436tmp surefire_012950992459031038652tmp"/>
    <property name="jdk.debug" value="release"/>
    <property name="surefire.test.class.path" value="/home/aysenurb/Downloads/spring-boot-project-assignment-acbr5-main (2)/target/test-classes:/home/aysenurb/Downloads/spring-boot-project-assignment-acbr5-main (2)/target/classes:/home/aysenurb/.m2/repository/org/springframework/boot/spring-boot-starter-data-jpa/2.4.3/spring-boot-starter-data-jpa-2.4.3.jar:/home/aysenurb/.m2/repository/org/springframework/boot/spring-boot-starter-aop/2.4.3/spring-boot-starter-aop-2.4.3.jar:/home/aysenurb/.m2/repository/org/aspectj/aspectjweaver/1.9.6/aspectjweaver-1.9.6.jar:/home/aysenurb/.m2/repository/jakarta/transaction/jakarta.transaction-api/1.3.3/jakarta.transaction-api-1.3.3.jar:/home/aysenurb/.m2/repository/jakarta/persistence/jakarta.persistence-api/2.2.3/jakarta.persistence-api-2.2.3.jar:/home/aysenurb/.m2/repository/org/hibernate/hibernate-core/5.4.28.Final/hibernate-core-5.4.28.Final.jar:/home/aysenurb/.m2/repository/org/jboss/logging/jboss-logging/3.4.1.Final/jboss-logging-3.4.1.Final.jar:/home/aysenurb/.m2/repository/org/javassist/javassist/3.27.0-GA/javassist-3.27.0-GA.jar:/home/aysenurb/.m2/repository/net/bytebuddy/byte-buddy/1.10.20/byte-buddy-1.10.20.jar:/home/aysenurb/.m2/repository/antlr/antlr/2.7.7/antlr-2.7.7.jar:/home/aysenurb/.m2/repository/org/jboss/jandex/2.2.3.Final/jandex-2.2.3.Final.jar:/home/aysenurb/.m2/repository/org/dom4j/dom4j/2.1.3/dom4j-2.1.3.jar:/home/aysenurb/.m2/repository/org/hibernate/common/hibernate-commons-annotations/5.1.2.Final/hibernate-commons-annotations-5.1.2.Final.jar:/home/aysenurb/.m2/repository/org/glassfish/jaxb/jaxb-runtime/2.3.3/jaxb-runtime-2.3.3.jar:/home/aysenurb/.m2/repository/org/glassfish/jaxb/txw2/2.3.3/txw2-2.3.3.jar:/home/aysenurb/.m2/repository/com/sun/istack/istack-commons-runtime/3.0.11/istack-commons-runtime-3.0.11.jar:/home/aysenurb/.m2/repository/org/springframework/data/spring-data-jpa/2.4.5/spring-data-jpa-2.4.5.jar:/home/aysenurb/.m2/repository/org/springframework/data/spring-data-commons/2.4.5/spring-data-commons-2.4.5.jar:/home/aysenurb/.m2/repository/org/springframework/spring-orm/5.3.4/spring-orm-5.3.4.jar:/home/aysenurb/.m2/repository/org/springframework/spring-tx/5.3.4/spring-tx-5.3.4.jar:/home/aysenurb/.m2/repository/org/springframework/spring-aspects/5.3.4/spring-aspects-5.3.4.jar:/home/aysenurb/.m2/repository/org/springframework/boot/spring-boot-starter-web/2.4.3/spring-boot-starter-web-2.4.3.jar:/home/aysenurb/.m2/repository/org/springframework/boot/spring-boot-starter/2.4.3/spring-boot-starter-2.4.3.jar:/home/aysenurb/.m2/repository/org/springframework/boot/spring-boot-autoconfigure/2.4.3/spring-boot-autoconfigure-2.4.3.jar:/home/aysenurb/.m2/repository/org/springframework/boot/spring-boot-starter-logging/2.4.3/spring-boot-starter-logging-2.4.3.jar:/home/aysenurb/.m2/repository/ch/qos/logback/logback-classic/1.2.3/logback-classic-1.2.3.jar:/home/aysenurb/.m2/repository/ch/qos/logback/logback-core/1.2.3/logback-core-1.2.3.jar:/home/aysenurb/.m2/repository/org/apache/logging/log4j/log4j-to-slf4j/2.13.3/log4j-to-slf4j-2.13.3.jar:/home/aysenurb/.m2/repository/org/apache/logging/log4j/log4j-api/2.13.3/log4j-api-2.13.3.jar:/home/aysenurb/.m2/repository/org/slf4j/jul-to-slf4j/1.7.30/jul-to-slf4j-1.7.30.jar:/home/aysenurb/.m2/repository/jakarta/annotation/jakarta.annotation-api/1.3.5/jakarta.annotation-api-1.3.5.jar:/home/aysenurb/.m2/repository/org/yaml/snakeyaml/1.27/snakeyaml-1.27.jar:/home/aysenurb/.m2/repository/org/springframework/boot/spring-boot-starter-json/2.4.3/spring-boot-starter-json-2.4.3.jar:/home/aysenurb/.m2/repository/com/fasterxml/jackson/datatype/jackson-datatype-jdk8/2.11.4/jackson-datatype-jdk8-2.11.4.jar:/home/aysenurb/.m2/repository/com/fasterxml/jackson/datatype/jackson-datatype-jsr310/2.11.4/jackson-datatype-jsr310-2.11.4.jar:/home/aysenurb/.m2/repository/com/fasterxml/jackson/module/jackson-module-parameter-names/2.11.4/jackson-module-parameter-names-2.11.4.jar:/home/aysenurb/.m2/repository/org/springframework/boot/spring-boot-starter-tomcat/2.4.3/spring-boot-starter-tomcat-2.4.3.jar:/home/aysenurb/.m2/repository/org/glassfish/jakarta.el/3.0.3/jakarta.el-3.0.3.jar:/home/aysenurb/.m2/repository/org/apache/tomcat/embed/tomcat-embed-websocket/9.0.43/tomcat-embed-websocket-9.0.43.jar:/home/aysenurb/.m2/repository/org/springframework/spring-web/5.3.4/spring-web-5.3.4.jar:/home/aysenurb/.m2/repository/org/springframework/spring-webmvc/5.3.4/spring-webmvc-5.3.4.jar:/home/aysenurb/.m2/repository/org/postgresql/postgresql/42.2.18/postgresql-42.2.18.jar:/home/aysenurb/.m2/repository/org/checkerframework/checker-qual/3.5.0/checker-qual-3.5.0.jar:/home/aysenurb/.m2/repository/org/projectlombok/lombok/1.18.18/lombok-1.18.18.jar:/home/aysenurb/.m2/repository/org/modelmapper/modelmapper/2.3.0/modelmapper-2.3.0.jar:/home/aysenurb/.m2/repository/org/springframework/boot/spring-boot-starter-test/2.4.3/spring-boot-starter-test-2.4.3.jar:/home/aysenurb/.m2/repository/org/springframework/boot/spring-boot-test/2.4.3/spring-boot-test-2.4.3.jar:/home/aysenurb/.m2/repository/org/springframework/boot/spring-boot-test-autoconfigure/2.4.3/spring-boot-test-autoconfigure-2.4.3.jar:/home/aysenurb/.m2/repository/com/jayway/jsonpath/json-path/2.4.0/json-path-2.4.0.jar:/home/aysenurb/.m2/repository/net/minidev/json-smart/2.3/json-smart-2.3.jar:/home/aysenurb/.m2/repository/net/minidev/accessors-smart/1.2/accessors-smart-1.2.jar:/home/aysenurb/.m2/repository/org/ow2/asm/asm/5.0.4/asm-5.0.4.jar:/home/aysenurb/.m2/repository/jakarta/xml/bind/jakarta.xml.bind-api/2.3.3/jakarta.xml.bind-api-2.3.3.jar:/home/aysenurb/.m2/repository/jakarta/activation/jakarta.activation-api/1.2.2/jakarta.activation-api-1.2.2.jar:/home/aysenurb/.m2/repository/org/assertj/assertj-core/3.18.1/assertj-core-3.18.1.jar:/home/aysenurb/.m2/repository/org/hamcrest/hamcrest/2.2/hamcrest-2.2.jar:/home/aysenurb/.m2/repository/org/junit/jupiter/junit-jupiter/5.7.1/junit-jupiter-5.7.1.jar:/home/aysenurb/.m2/repository/org/junit/jupiter/junit-jupiter-api/5.7.1/junit-jupiter-api-5.7.1.jar:/home/aysenurb/.m2/repository/org/opentest4j/opentest4j/1.2.0/opentest4j-1.2.0.jar:/home/aysenurb/.m2/repository/org/junit/jupiter/junit-jupiter-params/5.7.1/junit-jupiter-params-5.7.1.jar:/home/aysenurb/.m2/repository/org/junit/jupiter/junit-jupiter-engine/5.7.1/junit-jupiter-engine-5.7.1.jar:/home/aysenurb/.m2/repository/org/junit/platform/junit-platform-engine/1.7.1/junit-platform-engine-1.7.1.jar:/home/aysenurb/.m2/repository/org/mockito/mockito-core/3.6.28/mockito-core-3.6.28.jar:/home/aysenurb/.m2/repository/net/bytebuddy/byte-buddy-agent/1.10.20/byte-buddy-agent-1.10.20.jar:/home/aysenurb/.m2/repository/org/objenesis/objenesis/3.1/objenesis-3.1.jar:/home/aysenurb/.m2/repository/org/mockito/mockito-junit-jupiter/3.6.28/mockito-junit-jupiter-3.6.28.jar:/home/aysenurb/.m2/repository/org/skyscreamer/jsonassert/1.5.0/jsonassert-1.5.0.jar:/home/aysenurb/.m2/repository/com/vaadin/external/google/android-json/0.0.20131108.vaadin1/android-json-0.0.20131108.vaadin1.jar:/home/aysenurb/.m2/repository/org/springframework/spring-core/5.3.4/spring-core-5.3.4.jar:/home/aysenurb/.m2/repository/org/springframework/spring-jcl/5.3.4/spring-jcl-5.3.4.jar:/home/aysenurb/.m2/repository/org/xmlunit/xmlunit-core/2.7.0/xmlunit-core-2.7.0.jar:/home/aysenurb/.m2/repository/junit/junit/4.13.2/junit-4.13.2.jar:/home/aysenurb/.m2/repository/org/hamcrest/hamcrest-core/2.2/hamcrest-core-2.2.jar:/home/aysenurb/.m2/repository/org/springframework/spring-test/5.3.4/spring-test-5.3.4.jar:/home/aysenurb/.m2/repository/io/springfox/springfox-swagger2/2.9.2/springfox-swagger2-2.9.2.jar:/home/aysenurb/.m2/repository/io/swagger/swagger-annotations/1.5.20/swagger-annotations-1.5.20.jar:/home/aysenurb/.m2/repository/io/swagger/swagger-models/1.5.20/swagger-models-1.5.20.jar:/home/aysenurb/.m2/repository/io/springfox/springfox-spi/2.9.2/springfox-spi-2.9.2.jar:/home/aysenurb/.m2/repository/io/springfox/springfox-core/2.9.2/springfox-core-2.9.2.jar:/home/aysenurb/.m2/repository/io/springfox/springfox-schema/2.9.2/springfox-schema-2.9.2.jar:/home/aysenurb/.m2/repository/io/springfox/springfox-swagger-common/2.9.2/springfox-swagger-common-2.9.2.jar:/home/aysenurb/.m2/repository/io/springfox/springfox-spring-web/2.9.2/springfox-spring-web-2.9.2.jar:/home/aysenurb/.m2/repository/com/google/guava/guava/20.0/guava-20.0.jar:/home/aysenurb/.m2/repository/com/fasterxml/classmate/1.5.1/classmate-1.5.1.jar:/home/aysenurb/.m2/repository/org/slf4j/slf4j-api/1.7.30/slf4j-api-1.7.30.jar:/home/aysenurb/.m2/repository/org/springframework/plugin/spring-plugin-core/1.2.0.RELEASE/spring-plugin-core-1.2.0.RELEASE.jar:/home/aysenurb/.m2/repository/org/springframework/plugin/spring-plugin-metadata/1.2.0.RELEASE/spring-plugin-metadata-1.2.0.RELEASE.jar:/home/aysenurb/.m2/repository/org/mapstruct/mapstruct/1.2.0.Final/mapstruct-1.2.0.Final.jar:/home/aysenurb/.m2/repository/io/springfox/springfox-swagger-ui/2.9.2/springfox-swagger-ui-2.9.2.jar:/home/aysenurb/.m2/repository/org/springframework/security/spring-security-web/5.4.5/spring-security-web-5.4.5.jar:/home/aysenurb/.m2/repository/org/springframework/security/spring-security-core/5.4.5/spring-security-core-5.4.5.jar:/home/aysenurb/.m2/repository/org/springframework/spring-aop/5.3.4/spring-aop-5.3.4.jar:/home/aysenurb/.m2/repository/org/springframework/spring-beans/5.3.4/spring-beans-5.3.4.jar:/home/aysenurb/.m2/repository/org/springframework/spring-context/5.3.4/spring-context-5.3.4.jar:/home/aysenurb/.m2/repository/org/springframework/spring-expression/5.3.4/spring-expression-5.3.4.jar:/home/aysenurb/.m2/repository/org/springframework/security/spring-security-config/5.4.5/spring-security-config-5.4.5.jar:/home/aysenurb/.m2/repository/org/springframework/boot/spring-boot-starter-thymeleaf/2.4.3/spring-boot-starter-thymeleaf-2.4.3.jar:/home/aysenurb/.m2/repository/org/thymeleaf/thymeleaf-spring5/3.0.12.RELEASE/thymeleaf-spring5-3.0.12.RELEASE.jar:/home/aysenurb/.m2/repository/org/thymeleaf/thymeleaf/3.0.12.RELEASE/thymeleaf-3.0.12.RELEASE.jar:/home/aysenurb/.m2/repository/org/attoparser/attoparser/2.0.5.RELEASE/attoparser-2.0.5.RELEASE.jar:/home/aysenurb/.m2/repository/org/unbescape/unbescape/1.1.6.RELEASE/unbescape-1.1.6.RELEASE.jar:/home/aysenurb/.m2/repository/org/thymeleaf/extras/thymeleaf-extras-java8time/3.0.4.RELEASE/thymeleaf-extras-java8time-3.0.4.RELEASE.jar:/home/aysenurb/.m2/repository/org/thymeleaf/extras/thymeleaf-extras-springsecurity5/3.0.4.RELEASE/thymeleaf-extras-springsecurity5-3.0.4.RELEASE.jar:/home/aysenurb/.m2/repository/org/springframework/boot/spring-boot-starter-jdbc/2.4.3/spring-boot-starter-jdbc-2.4.3.jar:/home/aysenurb/.m2/repository/com/zaxxer/HikariCP/3.4.5/HikariCP-3.4.5.jar:/home/aysenurb/.m2/repository/org/springframework/spring-jdbc/5.3.4/spring-jdbc-5.3.4.jar:/home/aysenurb/.m2/repository/org/webjars/bootstrap/5.0.0-beta2/bootstrap-5.0.0-beta2.jar:/home/aysenurb/.m2/repository/org/webjars/popper.js/2.5.4/popper.js-2.5.4.jar:/home/aysenurb/.m2/repository/org/webjars/3rdwavemedia-themes-developer/1.21/3rdwavemedia-themes-developer-1.21.jar:/home/aysenurb/.m2/repository/org/webjars/jquery/3.5.1/jquery-3.5.1.jar:/home/aysenurb/.m2/repository/javax/validation/validation-api/2.0.1.Final/validation-api-2.0.1.Final.jar:/home/aysenurb/.m2/repository/org/junit/platform/junit-platform-commons/1.7.1/junit-platform-commons-1.7.1.jar:/home/aysenurb/.m2/repository/org/apiguardian/apiguardian-api/1.1.0/apiguardian-api-1.1.0.jar:/home/aysenurb/.m2/repository/org/springframework/boot/spring-boot/2.4.2/spring-boot-2.4.2.jar:/home/aysenurb/.m2/repository/com/googlecode/json-simple/json-simple/1.1/json-simple-1.1.jar:/home/aysenurb/.m2/repository/org/json/json/20201115/json-20201115.jar:/home/aysenurb/.m2/repository/org/apache/tomcat/embed/tomcat-embed-core/9.0.41/tomcat-embed-core-9.0.41.jar:/home/aysenurb/.m2/repository/org/apache/tomcat/tomcat-annotations-api/9.0.43/tomcat-annotations-api-9.0.43.jar:/home/aysenurb/.m2/repository/com/fasterxml/jackson/core/jackson-databind/2.11.4/jackson-databind-2.11.4.jar:/home/aysenurb/.m2/repository/com/fasterxml/jackson/core/jackson-annotations/2.11.4/jackson-annotations-2.11.4.jar:/home/aysenurb/.m2/repository/com/fasterxml/jackson/core/jackson-core/2.11.4/jackson-core-2.11.4.jar:/home/aysenurb/.m2/repository/org/springframework/boot/spring-boot-starter-mail/2.4.3/spring-boot-starter-mail-2.4.3.jar:/home/aysenurb/.m2/repository/org/springframework/spring-context-support/5.3.4/spring-context-support-5.3.4.jar:/home/aysenurb/.m2/repository/com/sun/mail/jakarta.mail/1.6.5/jakarta.mail-1.6.5.jar:/home/aysenurb/.m2/repository/com/sun/activation/jakarta.activation/1.2.2/jakarta.activation-1.2.2.jar:"/>
    <property name="sun.cpu.endian" value="little"/>
    <property name="user.home" value="/home/aysenurb"/>
    <property name="user.language" value="en"/>
    <property name="java.specification.vendor" value="Oracle Corporation"/>
    <property name="java.version.date" value="2021-01-19"/>
    <property name="java.home" value="/usr/lib/jvm/java-11-openjdk-amd64"/>
    <property name="file.separator" value="/"/>
    <property name="basedir" value="/home/aysenurb/Downloads/spring-boot-project-assignment-acbr5-main (2)"/>
    <property name="java.vm.compressedOopsMode" value="32-bit"/>
    <property name="line.separator" value="&#10;"/>
    <property name="java.specification.name" value="Java Platform API Specification"/>
    <property name="java.vm.specification.vendor" value="Oracle Corporation"/>
    <property name="java.awt.graphicsenv" value="sun.awt.X11GraphicsEnvironment"/>
    <property name="surefire.real.class.path" value="/home/aysenurb/Downloads/spring-boot-project-assignment-acbr5-main (2)/target/surefire/surefirebooter6441022487880647451.jar"/>
    <property name="sun.management.compiler" value="HotSpot 64-Bit Tiered Compilers"/>
    <property name="java.runtime.version" value="11.0.10+9-post-Debian-1"/>
    <property name="user.name" value="aysenurb"/>
    <property name="path.separator" value=":"/>
    <property name="os.version" value="5.7.0-2parrot2-amd64"/>
    <property name="java.runtime.name" value="OpenJDK Runtime Environment"/>
    <property name="file.encoding" value="UTF-8"/>
    <property name="java.vm.name" value="OpenJDK 64-Bit Server VM"/>
    <property name="localRepository" value="/home/aysenurb/.m2/repository"/>
    <property name="java.vendor.url.bug" value="https://bugs.debian.org/openjdk-11"/>
    <property name="java.io.tmpdir" value="/tmp"/>
    <property name="idea.version" value="2020.3.2"/>
    <property name="java.version" value="11.0.10"/>
    <property name="user.dir" value="/home/aysenurb/Downloads/spring-boot-project-assignment-acbr5-main (2)"/>
    <property name="os.arch" value="amd64"/>
    <property name="java.vm.specification.name" value="Java Virtual Machine Specification"/>
    <property name="java.awt.printerjob" value="sun.print.PSPrinterJob"/>
    <property name="sun.os.patch.level" value="unknown"/>
    <property name="java.library.path" value="/usr/java/packages/lib:/usr/lib/x86_64-linux-gnu/jni:/lib/x86_64-linux-gnu:/usr/lib/x86_64-linux-gnu:/usr/lib/jni:/lib:/usr/lib"/>
    <property name="java.vm.info" value="mixed mode, sharing"/>
    <property name="java.vendor" value="Debian"/>
    <property name="java.vm.version" value="11.0.10+9-post-Debian-1"/>
    <property name="sun.io.unicode.encoding" value="UnicodeLittle"/>
    <property name="java.class.version" value="55.0"/>
  </properties>
  <testcase name="getAllUsers" classname="com.v1.opencve.OpencveApplicationTests" time="0.391"/>
  <testcase name="updateUserWithDTO" classname="com.v1.opencve.OpencveApplicationTests" time="0.107"/>
  <testcase name="contextLoads" classname="com.v1.opencve.OpencveApplicationTests" time="0.006"/>
  <testcase name="createUser" classname="com.v1.opencve.OpencveApplicationTests" time="0.098"/>
  <testcase name="testDeleteCustomer" classname="com.v1.opencve.OpencveApplicationTests" time="0.102"/>
</testsuite>